[22Jun2025 00:06:06.360] [Server thread/INFO] [net.minecraft.server.network.ServerGamePacketListenerImpl/]: ThebrosXD lost connection: Disconnected
[22Jun2025 00:06:06.362] [Server thread/INFO] [net.minecraft.server.MinecraftServer/]: ThebrosXD left the game
[22Jun2025 00:07:26.327] [User Authenticator #3/INFO] [net.minecraft.server.network.ServerLoginPacketListenerImpl/]: UUID of player Angelichi25 is 3d13c512-f100-496f-8e3a-381f67ff93f4
[22Jun2025 00:07:33.433] [Server thread/INFO] [net.minecraft.server.players.PlayerList/]: Angelichi25[/127.140.56.203:42813] logged in with entity id 5821 at (-500.6018216351094, 86.0625, 93.89007450306173)
[22Jun2025 00:07:33.459] [Server thread/INFO] [ModernFix/]: Using enhanced recipe sync for player Angelichi25
[22Jun2025 00:07:33.475] [Server thread/INFO] [net.minecraft.server.MinecraftServer/]: Angelichi25 joined the game
[22Jun2025 00:07:33.517] [Server thread/WARN] [com.unlikepaladin.pfm.PaladinFurnitureMod/]: Something has tried to get the output of a dynamic furniture recipe without context
[22Jun2025 00:07:33.518] [Server thread/WARN] [com.unlikepaladin.pfm.PaladinFurnitureMod/]: Something has tried to get the output of a dynamic furniture recipe without context
[22Jun2025 00:07:33.518] [Server thread/WARN] [com.unlikepaladin.pfm.PaladinFurnitureMod/]: Something has tried to get the output of a dynamic furniture recipe without context
[22Jun2025 00:07:33.518] [Server thread/WARN] [com.unlikepaladin.pfm.PaladinFurnitureMod/]: Something has tried to get the output of a dynamic furniture recipe without context
[22Jun2025 00:07:33.519] [Server thread/WARN] [com.unlikepaladin.pfm.PaladinFurnitureMod/]: Something has tried to get the output of a dynamic furniture recipe without context
[22Jun2025 00:07:33.519] [Server thread/WARN] [com.unlikepaladin.pfm.PaladinFurnitureMod/]: Something has tried to get the output of a dynamic furniture recipe without context
[22Jun2025 00:07:33.519] [Server thread/WARN] [com.unlikepaladin.pfm.PaladinFurnitureMod/]: Something has tried to get the output of a dynamic furniture recipe without context
[22Jun2025 00:07:33.520] [Server thread/WARN] [com.unlikepaladin.pfm.PaladinFurnitureMod/]: Something has tried to get the output of a dynamic furniture recipe without context
[22Jun2025 00:07:33.520] [Server thread/WARN] [com.unlikepaladin.pfm.PaladinFurnitureMod/]: Something has tried to get the output of a dynamic furniture recipe without context
[22Jun2025 00:07:33.521] [Server thread/WARN] [com.unlikepaladin.pfm.PaladinFurnitureMod/]: Something has tried to get the output of a dynamic furniture recipe without context
[22Jun2025 00:07:33.521] [Server thread/WARN] [com.unlikepaladin.pfm.PaladinFurnitureMod/]: Something has tried to get the output of a dynamic furniture recipe without context
[22Jun2025 00:07:33.521] [Server thread/WARN] [com.unlikepaladin.pfm.PaladinFurnitureMod/]: Something has tried to get the output of a dynamic furniture recipe without context
[22Jun2025 00:07:33.522] [Server thread/WARN] [com.unlikepaladin.pfm.PaladinFurnitureMod/]: Something has tried to get the output of a dynamic furniture recipe without context
[22Jun2025 00:07:33.523] [Server thread/WARN] [com.unlikepaladin.pfm.PaladinFurnitureMod/]: Something has tried to get the output of a dynamic furniture recipe without context
[22Jun2025 00:07:33.523] [Server thread/WARN] [com.unlikepaladin.pfm.PaladinFurnitureMod/]: Something has tried to get the output of a dynamic furniture recipe without context
[22Jun2025 00:07:33.524] [Server thread/WARN] [com.unlikepaladin.pfm.PaladinFurnitureMod/]: Something has tried to get the output of a dynamic furniture recipe without context
[22Jun2025 00:07:33.524] [Server thread/WARN] [com.unlikepaladin.pfm.PaladinFurnitureMod/]: Something has tried to get the output of a dynamic furniture recipe without context
[22Jun2025 00:07:33.524] [Server thread/WARN] [com.unlikepaladin.pfm.PaladinFurnitureMod/]: Something has tried to get the output of a dynamic furniture recipe without context
[22Jun2025 00:07:33.524] [Server thread/WARN] [com.unlikepaladin.pfm.PaladinFurnitureMod/]: Something has tried to get the output of a dynamic furniture recipe without context
[22Jun2025 00:07:33.525] [Server thread/WARN] [com.unlikepaladin.pfm.PaladinFurnitureMod/]: Something has tried to get the output of a dynamic furniture recipe without context
[22Jun2025 00:07:33.525] [Server thread/WARN] [com.unlikepaladin.pfm.PaladinFurnitureMod/]: Something has tried to get the output of a dynamic furniture recipe without context
[22Jun2025 00:07:33.525] [Server thread/WARN] [com.unlikepaladin.pfm.PaladinFurnitureMod/]: Something has tried to get the output of a dynamic furniture recipe without context
[22Jun2025 00:07:33.526] [Server thread/WARN] [com.unlikepaladin.pfm.PaladinFurnitureMod/]: Something has tried to get the output of a dynamic furniture recipe without context
[22Jun2025 00:07:33.526] [Server thread/WARN] [com.unlikepaladin.pfm.PaladinFurnitureMod/]: Something has tried to get the output of a dynamic furniture recipe without context
[22Jun2025 00:07:33.526] [Server thread/WARN] [com.unlikepaladin.pfm.PaladinFurnitureMod/]: Something has tried to get the output of a dynamic furniture recipe without context
[22Jun2025 00:07:33.526] [Server thread/WARN] [com.unlikepaladin.pfm.PaladinFurnitureMod/]: Something has tried to get the output of a dynamic furniture recipe without context
[22Jun2025 00:07:33.527] [Server thread/WARN] [com.unlikepaladin.pfm.PaladinFurnitureMod/]: Something has tried to get the output of a dynamic furniture recipe without context
[22Jun2025 00:07:33.527] [Server thread/WARN] [com.unlikepaladin.pfm.PaladinFurnitureMod/]: Something has tried to get the output of a dynamic furniture recipe without context
[22Jun2025 00:07:33.528] [Server thread/WARN] [com.unlikepaladin.pfm.PaladinFurnitureMod/]: Something has tried to get the output of a dynamic furniture recipe without context
[22Jun2025 00:07:33.528] [Server thread/WARN] [com.unlikepaladin.pfm.PaladinFurnitureMod/]: Something has tried to get the output of a dynamic furniture recipe without context
[22Jun2025 00:07:33.528] [Server thread/WARN] [com.unlikepaladin.pfm.PaladinFurnitureMod/]: Something has tried to get the output of a dynamic furniture recipe without context
[22Jun2025 00:07:33.529] [Server thread/WARN] [com.unlikepaladin.pfm.PaladinFurnitureMod/]: Something has tried to get the output of a dynamic furniture recipe without context
[22Jun2025 00:07:33.529] [Server thread/WARN] [com.unlikepaladin.pfm.PaladinFurnitureMod/]: Something has tried to get the output of a dynamic furniture recipe without context
[22Jun2025 00:07:33.530] [Server thread/WARN] [com.unlikepaladin.pfm.PaladinFurnitureMod/]: Something has tried to get the output of a dynamic furniture recipe without context
[22Jun2025 00:07:33.530] [Server thread/WARN] [com.unlikepaladin.pfm.PaladinFurnitureMod/]: Something has tried to get the output of a dynamic furniture recipe without context
[22Jun2025 00:07:33.530] [Server thread/WARN] [com.unlikepaladin.pfm.PaladinFurnitureMod/]: Something has tried to get the output of a dynamic furniture recipe without context
[22Jun2025 00:07:33.531] [Server thread/WARN] [com.unlikepaladin.pfm.PaladinFurnitureMod/]: Something has tried to get the output of a dynamic furniture recipe without context
[22Jun2025 00:07:33.531] [Server thread/WARN] [com.unlikepaladin.pfm.PaladinFurnitureMod/]: Something has tried to get the output of a dynamic furniture recipe without context
[22Jun2025 00:07:33.532] [Server thread/WARN] [com.unlikepaladin.pfm.PaladinFurnitureMod/]: Something has tried to get the output of a dynamic furniture recipe without context
[22Jun2025 00:07:33.532] [Server thread/WARN] [com.unlikepaladin.pfm.PaladinFurnitureMod/]: Something has tried to get the output of a dynamic furniture recipe without context
[22Jun2025 00:07:33.533] [Server thread/WARN] [com.unlikepaladin.pfm.PaladinFurnitureMod/]: Something has tried to get the output of a dynamic furniture recipe without context
[22Jun2025 00:07:33.533] [Server thread/WARN] [com.unlikepaladin.pfm.PaladinFurnitureMod/]: Something has tried to get the output of a dynamic furniture recipe without context
[22Jun2025 00:07:33.534] [Server thread/WARN] [com.unlikepaladin.pfm.PaladinFurnitureMod/]: Something has tried to get the output of a dynamic furniture recipe without context
[22Jun2025 00:07:33.534] [Server thread/WARN] [com.unlikepaladin.pfm.PaladinFurnitureMod/]: Something has tried to get the output of a dynamic furniture recipe without context
[22Jun2025 00:07:33.535] [Server thread/WARN] [com.unlikepaladin.pfm.PaladinFurnitureMod/]: Something has tried to get the output of a dynamic furniture recipe without context
[22Jun2025 00:07:33.535] [Server thread/WARN] [com.unlikepaladin.pfm.PaladinFurnitureMod/]: Something has tried to get the output of a dynamic furniture recipe without context
[22Jun2025 00:07:33.535] [Server thread/WARN] [com.unlikepaladin.pfm.PaladinFurnitureMod/]: Something has tried to get the output of a dynamic furniture recipe without context
[22Jun2025 00:07:33.536] [Server thread/WARN] [com.unlikepaladin.pfm.PaladinFurnitureMod/]: Something has tried to get the output of a dynamic furniture recipe without context
[22Jun2025 00:07:33.536] [Server thread/WARN] [com.unlikepaladin.pfm.PaladinFurnitureMod/]: Something has tried to get the output of a dynamic furniture recipe without context
[22Jun2025 00:07:33.536] [Server thread/WARN] [com.unlikepaladin.pfm.PaladinFurnitureMod/]: Something has tried to get the output of a dynamic furniture recipe without context
[22Jun2025 00:07:33.537] [Server thread/WARN] [com.unlikepaladin.pfm.PaladinFurnitureMod/]: Something has tried to get the output of a dynamic furniture recipe without context
[22Jun2025 00:07:33.537] [Server thread/WARN] [com.unlikepaladin.pfm.PaladinFurnitureMod/]: Something has tried to get the output of a dynamic furniture recipe without context
[22Jun2025 00:07:33.538] [Server thread/WARN] [com.unlikepaladin.pfm.PaladinFurnitureMod/]: Something has tried to get the output of a dynamic furniture recipe without context
[22Jun2025 00:07:33.538] [Server thread/WARN] [com.unlikepaladin.pfm.PaladinFurnitureMod/]: Something has tried to get the output of a dynamic furniture recipe without context
[22Jun2025 00:07:33.538] [Server thread/WARN] [com.unlikepaladin.pfm.PaladinFurnitureMod/]: Something has tried to get the output of a dynamic furniture recipe without context
[22Jun2025 00:07:33.539] [Server thread/WARN] [com.unlikepaladin.pfm.PaladinFurnitureMod/]: Something has tried to get the output of a dynamic furniture recipe without context
[22Jun2025 00:07:33.539] [Server thread/WARN] [com.unlikepaladin.pfm.PaladinFurnitureMod/]: Something has tried to get the output of a dynamic furniture recipe without context
[22Jun2025 00:07:33.539] [Server thread/WARN] [com.unlikepaladin.pfm.PaladinFurnitureMod/]: Something has tried to get the output of a dynamic furniture recipe without context
[22Jun2025 00:07:33.540] [Server thread/WARN] [com.unlikepaladin.pfm.PaladinFurnitureMod/]: Something has tried to get the output of a dynamic furniture recipe without context
[22Jun2025 00:07:33.540] [Server thread/WARN] [com.unlikepaladin.pfm.PaladinFurnitureMod/]: Something has tried to get the output of a dynamic furniture recipe without context
[22Jun2025 00:07:33.541] [Server thread/WARN] [com.unlikepaladin.pfm.PaladinFurnitureMod/]: Something has tried to get the output of a dynamic furniture recipe without context
[22Jun2025 00:07:33.541] [Server thread/WARN] [com.unlikepaladin.pfm.PaladinFurnitureMod/]: Something has tried to get the output of a dynamic furniture recipe without context
[22Jun2025 00:07:33.542] [Server thread/WARN] [com.unlikepaladin.pfm.PaladinFurnitureMod/]: Something has tried to get the output of a dynamic furniture recipe without context
[22Jun2025 00:07:33.542] [Server thread/WARN] [com.unlikepaladin.pfm.PaladinFurnitureMod/]: Something has tried to get the output of a dynamic furniture recipe without context
[22Jun2025 00:07:33.543] [Server thread/WARN] [com.unlikepaladin.pfm.PaladinFurnitureMod/]: Something has tried to get the output of a dynamic furniture recipe without context
[22Jun2025 00:07:33.543] [Server thread/WARN] [com.unlikepaladin.pfm.PaladinFurnitureMod/]: Something has tried to get the output of a dynamic furniture recipe without context
[22Jun2025 00:07:33.543] [Server thread/WARN] [com.unlikepaladin.pfm.PaladinFurnitureMod/]: Something has tried to get the output of a dynamic furniture recipe without context
[22Jun2025 00:07:33.544] [Server thread/WARN] [com.unlikepaladin.pfm.PaladinFurnitureMod/]: Something has tried to get the output of a dynamic furniture recipe without context
[22Jun2025 00:07:33.544] [Server thread/WARN] [com.unlikepaladin.pfm.PaladinFurnitureMod/]: Something has tried to get the output of a dynamic furniture recipe without context
[22Jun2025 00:07:33.544] [Server thread/WARN] [com.unlikepaladin.pfm.PaladinFurnitureMod/]: Something has tried to get the output of a dynamic furniture recipe without context
[22Jun2025 00:07:33.545] [Server thread/WARN] [com.unlikepaladin.pfm.PaladinFurnitureMod/]: Something has tried to get the output of a dynamic furniture recipe without context
[22Jun2025 00:07:33.545] [Server thread/WARN] [com.unlikepaladin.pfm.PaladinFurnitureMod/]: Something has tried to get the output of a dynamic furniture recipe without context
[22Jun2025 00:07:33.546] [Server thread/WARN] [com.unlikepaladin.pfm.PaladinFurnitureMod/]: Something has tried to get the output of a dynamic furniture recipe without context
[22Jun2025 00:07:33.546] [Server thread/WARN] [com.unlikepaladin.pfm.PaladinFurnitureMod/]: Something has tried to get the output of a dynamic furniture recipe without context
[22Jun2025 00:07:33.546] [Server thread/WARN] [com.unlikepaladin.pfm.PaladinFurnitureMod/]: Something has tried to get the output of a dynamic furniture recipe without context
[22Jun2025 00:07:33.546] [Server thread/WARN] [com.unlikepaladin.pfm.PaladinFurnitureMod/]: Something has tried to get the output of a dynamic furniture recipe without context
[22Jun2025 00:07:33.547] [Server thread/WARN] [com.unlikepaladin.pfm.PaladinFurnitureMod/]: Something has tried to get the output of a dynamic furniture recipe without context
[22Jun2025 00:07:33.547] [Server thread/WARN] [com.unlikepaladin.pfm.PaladinFurnitureMod/]: Something has tried to get the output of a dynamic furniture recipe without context
[22Jun2025 00:07:33.547] [Server thread/WARN] [com.unlikepaladin.pfm.PaladinFurnitureMod/]: Something has tried to get the output of a dynamic furniture recipe without context
[22Jun2025 00:07:33.547] [Server thread/WARN] [com.unlikepaladin.pfm.PaladinFurnitureMod/]: Something has tried to get the output of a dynamic furniture recipe without context
[22Jun2025 00:07:33.548] [Server thread/WARN] [com.unlikepaladin.pfm.PaladinFurnitureMod/]: Something has tried to get the output of a dynamic furniture recipe without context
[22Jun2025 00:07:33.548] [Server thread/WARN] [com.unlikepaladin.pfm.PaladinFurnitureMod/]: Something has tried to get the output of a dynamic furniture recipe without context
[22Jun2025 00:07:33.548] [Server thread/WARN] [com.unlikepaladin.pfm.PaladinFurnitureMod/]: Something has tried to get the output of a dynamic furniture recipe without context
[22Jun2025 00:07:33.549] [Server thread/WARN] [com.unlikepaladin.pfm.PaladinFurnitureMod/]: Something has tried to get the output of a dynamic furniture recipe without context
[22Jun2025 00:07:33.549] [Server thread/WARN] [com.unlikepaladin.pfm.PaladinFurnitureMod/]: Something has tried to get the output of a dynamic furniture recipe without context
[22Jun2025 00:07:33.549] [Server thread/WARN] [com.unlikepaladin.pfm.PaladinFurnitureMod/]: Something has tried to get the output of a dynamic furniture recipe without context
[22Jun2025 00:07:33.550] [Server thread/WARN] [com.unlikepaladin.pfm.PaladinFurnitureMod/]: Something has tried to get the output of a dynamic furniture recipe without context
[22Jun2025 00:07:33.550] [Server thread/WARN] [com.unlikepaladin.pfm.PaladinFurnitureMod/]: Something has tried to get the output of a dynamic furniture recipe without context
[22Jun2025 00:07:33.550] [Server thread/WARN] [com.unlikepaladin.pfm.PaladinFurnitureMod/]: Something has tried to get the output of a dynamic furniture recipe without context
[22Jun2025 00:07:33.551] [Server thread/WARN] [com.unlikepaladin.pfm.PaladinFurnitureMod/]: Something has tried to get the output of a dynamic furniture recipe without context
[22Jun2025 00:07:33.551] [Server thread/WARN] [com.unlikepaladin.pfm.PaladinFurnitureMod/]: Something has tried to get the output of a dynamic furniture recipe without context
[22Jun2025 00:07:33.552] [Server thread/WARN] [com.unlikepaladin.pfm.PaladinFurnitureMod/]: Something has tried to get the output of a dynamic furniture recipe without context
[22Jun2025 00:07:33.552] [Server thread/WARN] [com.unlikepaladin.pfm.PaladinFurnitureMod/]: Something has tried to get the output of a dynamic furniture recipe without context
[22Jun2025 00:07:33.552] [Server thread/WARN] [com.unlikepaladin.pfm.PaladinFurnitureMod/]: Something has tried to get the output of a dynamic furniture recipe without context
[22Jun2025 00:07:33.553] [Server thread/WARN] [com.unlikepaladin.pfm.PaladinFurnitureMod/]: Something has tried to get the output of a dynamic furniture recipe without context
[22Jun2025 00:07:33.553] [Server thread/WARN] [com.unlikepaladin.pfm.PaladinFurnitureMod/]: Something has tried to get the output of a dynamic furniture recipe without context
[22Jun2025 00:07:33.553] [Server thread/WARN] [com.unlikepaladin.pfm.PaladinFurnitureMod/]: Something has tried to get the output of a dynamic furniture recipe without context
[22Jun2025 00:07:33.554] [Server thread/WARN] [com.unlikepaladin.pfm.PaladinFurnitureMod/]: Something has tried to get the output of a dynamic furniture recipe without context
[22Jun2025 00:07:33.554] [Server thread/WARN] [com.unlikepaladin.pfm.PaladinFurnitureMod/]: Something has tried to get the output of a dynamic furniture recipe without context
[22Jun2025 00:07:33.555] [Server thread/WARN] [com.unlikepaladin.pfm.PaladinFurnitureMod/]: Something has tried to get the output of a dynamic furniture recipe without context
[22Jun2025 00:07:33.555] [Server thread/WARN] [com.unlikepaladin.pfm.PaladinFurnitureMod/]: Something has tried to get the output of a dynamic furniture recipe without context
[22Jun2025 00:07:33.555] [Server thread/WARN] [com.unlikepaladin.pfm.PaladinFurnitureMod/]: Something has tried to get the output of a dynamic furniture recipe without context
[22Jun2025 00:07:33.556] [Server thread/WARN] [com.unlikepaladin.pfm.PaladinFurnitureMod/]: Something has tried to get the output of a dynamic furniture recipe without context
[22Jun2025 00:07:33.556] [Server thread/WARN] [com.unlikepaladin.pfm.PaladinFurnitureMod/]: Something has tried to get the output of a dynamic furniture recipe without context
[22Jun2025 00:07:33.557] [Server thread/WARN] [com.unlikepaladin.pfm.PaladinFurnitureMod/]: Something has tried to get the output of a dynamic furniture recipe without context
[22Jun2025 00:07:33.557] [Server thread/WARN] [com.unlikepaladin.pfm.PaladinFurnitureMod/]: Something has tried to get the output of a dynamic furniture recipe without context
[22Jun2025 00:07:33.557] [Server thread/WARN] [com.unlikepaladin.pfm.PaladinFurnitureMod/]: Something has tried to get the output of a dynamic furniture recipe without context
[22Jun2025 00:07:33.558] [Server thread/WARN] [com.unlikepaladin.pfm.PaladinFurnitureMod/]: Something has tried to get the output of a dynamic furniture recipe without context
[22Jun2025 00:07:33.558] [Server thread/WARN] [com.unlikepaladin.pfm.PaladinFurnitureMod/]: Something has tried to get the output of a dynamic furniture recipe without context
[22Jun2025 00:07:33.559] [Server thread/WARN] [com.unlikepaladin.pfm.PaladinFurnitureMod/]: Something has tried to get the output of a dynamic furniture recipe without context
[22Jun2025 00:07:33.559] [Server thread/WARN] [com.unlikepaladin.pfm.PaladinFurnitureMod/]: Something has tried to get the output of a dynamic furniture recipe without context
[22Jun2025 00:07:33.559] [Server thread/WARN] [com.unlikepaladin.pfm.PaladinFurnitureMod/]: Something has tried to get the output of a dynamic furniture recipe without context
[22Jun2025 00:07:33.560] [Server thread/WARN] [com.unlikepaladin.pfm.PaladinFurnitureMod/]: Something has tried to get the output of a dynamic furniture recipe without context
[22Jun2025 00:07:33.560] [Server thread/WARN] [com.unlikepaladin.pfm.PaladinFurnitureMod/]: Something has tried to get the output of a dynamic furniture recipe without context
[22Jun2025 00:07:33.560] [Server thread/WARN] [com.unlikepaladin.pfm.PaladinFurnitureMod/]: Something has tried to get the output of a dynamic furniture recipe without context
[22Jun2025 00:07:33.561] [Server thread/WARN] [com.unlikepaladin.pfm.PaladinFurnitureMod/]: Something has tried to get the output of a dynamic furniture recipe without context
[22Jun2025 00:07:33.561] [Server thread/WARN] [com.unlikepaladin.pfm.PaladinFurnitureMod/]: Something has tried to get the output of a dynamic furniture recipe without context
[22Jun2025 00:07:33.561] [Server thread/WARN] [com.unlikepaladin.pfm.PaladinFurnitureMod/]: Something has tried to get the output of a dynamic furniture recipe without context
[22Jun2025 00:07:33.562] [Server thread/WARN] [com.unlikepaladin.pfm.PaladinFurnitureMod/]: Something has tried to get the output of a dynamic furniture recipe without context
[22Jun2025 00:07:33.562] [Server thread/WARN] [com.unlikepaladin.pfm.PaladinFurnitureMod/]: Something has tried to get the output of a dynamic furniture recipe without context
[22Jun2025 00:07:33.562] [Server thread/WARN] [com.unlikepaladin.pfm.PaladinFurnitureMod/]: Something has tried to get the output of a dynamic furniture recipe without context
[22Jun2025 00:07:33.562] [Server thread/WARN] [com.unlikepaladin.pfm.PaladinFurnitureMod/]: Something has tried to get the output of a dynamic furniture recipe without context
[22Jun2025 00:07:33.562] [Server thread/WARN] [com.unlikepaladin.pfm.PaladinFurnitureMod/]: Something has tried to get the output of a dynamic furniture recipe without context
[22Jun2025 00:07:33.562] [Server thread/WARN] [com.unlikepaladin.pfm.PaladinFurnitureMod/]: Something has tried to get the output of a dynamic furniture recipe without context
[22Jun2025 00:07:33.562] [Server thread/WARN] [com.unlikepaladin.pfm.PaladinFurnitureMod/]: Something has tried to get the output of a dynamic furniture recipe without context
[22Jun2025 00:07:33.563] [Server thread/WARN] [com.unlikepaladin.pfm.PaladinFurnitureMod/]: Something has tried to get the output of a dynamic furniture recipe without context
[22Jun2025 00:07:33.564] [Server thread/WARN] [com.unlikepaladin.pfm.PaladinFurnitureMod/]: Something has tried to get the output of a dynamic furniture recipe without context
[22Jun2025 00:07:33.564] [Server thread/WARN] [com.unlikepaladin.pfm.PaladinFurnitureMod/]: Something has tried to get the output of a dynamic furniture recipe without context
[22Jun2025 00:07:33.564] [Server thread/WARN] [com.unlikepaladin.pfm.PaladinFurnitureMod/]: Something has tried to get the output of a dynamic furniture recipe without context
[22Jun2025 00:07:33.564] [Server thread/WARN] [com.unlikepaladin.pfm.PaladinFurnitureMod/]: Something has tried to get the output of a dynamic furniture recipe without context
[22Jun2025 00:07:33.564] [Server thread/WARN] [com.unlikepaladin.pfm.PaladinFurnitureMod/]: Something has tried to get the output of a dynamic furniture recipe without context
[22Jun2025 00:07:33.564] [Server thread/WARN] [com.unlikepaladin.pfm.PaladinFurnitureMod/]: Something has tried to get the output of a dynamic furniture recipe without context
[22Jun2025 00:07:33.565] [Server thread/WARN] [com.unlikepaladin.pfm.PaladinFurnitureMod/]: Something has tried to get the output of a dynamic furniture recipe without context
[22Jun2025 00:07:33.565] [Server thread/WARN] [com.unlikepaladin.pfm.PaladinFurnitureMod/]: Something has tried to get the output of a dynamic furniture recipe without context
[22Jun2025 00:07:33.566] [Server thread/WARN] [com.unlikepaladin.pfm.PaladinFurnitureMod/]: Something has tried to get the output of a dynamic furniture recipe without context
[22Jun2025 00:07:33.566] [Server thread/WARN] [com.unlikepaladin.pfm.PaladinFurnitureMod/]: Something has tried to get the output of a dynamic furniture recipe without context
[22Jun2025 00:07:33.566] [Server thread/WARN] [com.unlikepaladin.pfm.PaladinFurnitureMod/]: Something has tried to get the output of a dynamic furniture recipe without context
[22Jun2025 00:07:33.566] [Server thread/WARN] [com.unlikepaladin.pfm.PaladinFurnitureMod/]: Something has tried to get the output of a dynamic furniture recipe without context
[22Jun2025 00:07:33.566] [Server thread/WARN] [com.unlikepaladin.pfm.PaladinFurnitureMod/]: Something has tried to get the output of a dynamic furniture recipe without context
[22Jun2025 00:07:33.566] [Server thread/WARN] [com.unlikepaladin.pfm.PaladinFurnitureMod/]: Something has tried to get the output of a dynamic furniture recipe without context
[22Jun2025 00:07:33.566] [Server thread/WARN] [com.unlikepaladin.pfm.PaladinFurnitureMod/]: Something has tried to get the output of a dynamic furniture recipe without context
[22Jun2025 00:07:33.566] [Server thread/WARN] [com.unlikepaladin.pfm.PaladinFurnitureMod/]: Something has tried to get the output of a dynamic furniture recipe without context
[22Jun2025 00:07:33.567] [Server thread/WARN] [com.unlikepaladin.pfm.PaladinFurnitureMod/]: Something has tried to get the output of a dynamic furniture recipe without context
[22Jun2025 00:07:33.567] [Server thread/WARN] [com.unlikepaladin.pfm.PaladinFurnitureMod/]: Something has tried to get the output of a dynamic furniture recipe without context
[22Jun2025 00:07:33.567] [Server thread/WARN] [com.unlikepaladin.pfm.PaladinFurnitureMod/]: Something has tried to get the output of a dynamic furniture recipe without context
[22Jun2025 00:07:33.567] [Server thread/WARN] [com.unlikepaladin.pfm.PaladinFurnitureMod/]: Something has tried to get the output of a dynamic furniture recipe without context
[22Jun2025 00:07:33.567] [Server thread/WARN] [com.unlikepaladin.pfm.PaladinFurnitureMod/]: Something has tried to get the output of a dynamic furniture recipe without context
[22Jun2025 00:07:33.568] [Server thread/WARN] [com.unlikepaladin.pfm.PaladinFurnitureMod/]: Something has tried to get the output of a dynamic furniture recipe without context
[22Jun2025 00:07:33.568] [Server thread/WARN] [com.unlikepaladin.pfm.PaladinFurnitureMod/]: Something has tried to get the output of a dynamic furniture recipe without context
[22Jun2025 00:07:33.568] [Server thread/WARN] [com.unlikepaladin.pfm.PaladinFurnitureMod/]: Something has tried to get the output of a dynamic furniture recipe without context
[22Jun2025 00:07:33.568] [Server thread/WARN] [com.unlikepaladin.pfm.PaladinFurnitureMod/]: Something has tried to get the output of a dynamic furniture recipe without context
[22Jun2025 00:07:33.568] [Server thread/WARN] [com.unlikepaladin.pfm.PaladinFurnitureMod/]: Something has tried to get the output of a dynamic furniture recipe without context
[22Jun2025 00:07:33.568] [Server thread/WARN] [com.unlikepaladin.pfm.PaladinFurnitureMod/]: Something has tried to get the output of a dynamic furniture recipe without context
[22Jun2025 00:07:33.568] [Server thread/WARN] [com.unlikepaladin.pfm.PaladinFurnitureMod/]: Something has tried to get the output of a dynamic furniture recipe without context
